{
"contracts/BasicNFT.sol":{"l":{"10":1},"path":"/Users/narasimhatejareddy/Desktop/Crypto/v3.0/contracts/BasicNFT.sol","s":{"1":1},"b":{},"f":{"1":3,"2":1},"fnMap":{"1":{"name":"constructor","line":8,"loc":{"start":{"line":8,"column":4},"end":{"line":8,"column":42}}},"2":{"name":"mint","line":9,"loc":{"start":{"line":9,"column":4},"end":{"line":11,"column":4}}}},"statementMap":{"1":{"start":{"line":10,"column":8},"end":{"line":10,"column":25}}},"branchMap":{}},
"contracts/ERC20Contract.sol":{"l":{"10":1},"path":"/Users/narasimhatejareddy/Desktop/Crypto/v3.0/contracts/ERC20Contract.sol","s":{"1":1},"b":{},"f":{"1":3,"2":1},"fnMap":{"1":{"name":"constructor","line":8,"loc":{"start":{"line":8,"column":4},"end":{"line":8,"column":43}}},"2":{"name":"mint","line":9,"loc":{"start":{"line":9,"column":4},"end":{"line":11,"column":4}}}},"statementMap":{"1":{"start":{"line":10,"column":8},"end":{"line":10,"column":24}}},"branchMap":{}},
"contracts/NFTDutchAuction_ERC20Bids.sol":{"l":{"23":3,"24":3,"25":3,"26":3,"27":3,"28":3,"29":3,"30":3,"31":3,"32":3,"36":1,"37":1,"38":1,"39":1,"40":1,"41":1},"path":"/Users/narasimhatejareddy/Desktop/Crypto/v3.0/contracts/NFTDutchAuction_ERC20Bids.sol","s":{"1":1,"2":1,"3":1,"4":1,"5":1},"b":{"1":[1,0],"2":[1,0]},"f":{"1":3,"2":1},"fnMap":{"1":{"name":"constructor","line":21,"loc":{"start":{"line":21,"column":4},"end":{"line":33,"column":4}}},"2":{"name":"bid","line":35,"loc":{"start":{"line":35,"column":4},"end":{"line":42,"column":4}}}},"statementMap":{"1":{"start":{"line":36,"column":8},"end":{"line":36,"column":57}},"2":{"start":{"line":37,"column":8},"end":{"line":37,"column":167}},"3":{"start":{"line":39,"column":8},"end":{"line":39,"column":103}},"4":{"start":{"line":40,"column":8},"end":{"line":40,"column":88}},"5":{"start":{"line":41,"column":8},"end":{"line":41,"column":25}}},"branchMap":{"1":{"line":36,"type":"if","locations":[{"start":{"line":36,"column":8},"end":{"line":36,"column":8}},{"start":{"line":36,"column":8},"end":{"line":36,"column":8}}]},"2":{"line":37,"type":"if","locations":[{"start":{"line":37,"column":8},"end":{"line":37,"column":8}},{"start":{"line":37,"column":8},"end":{"line":37,"column":8}}]}}}}
