TN:
SF:/Users/narasimhatejareddy/Desktop/Crypto/v3.0/contracts/BasicNFT.sol
FN:8,constructor
FN:9,mint
FNF:2
FNH:2
FNDA:3,constructor
FNDA:1,mint
DA:10,1
LF:1
LH:1
BRF:0
BRH:0
end_of_record
TN:
SF:/Users/narasimhatejareddy/Desktop/Crypto/v3.0/contracts/ERC20Contract.sol
FN:8,constructor
FN:9,mint
FNF:2
FNH:2
FNDA:3,constructor
FNDA:1,mint
DA:10,1
LF:1
LH:1
BRF:0
BRH:0
end_of_record
TN:
SF:/Users/narasimhatejareddy/Desktop/Crypto/v3.0/contracts/NFTDutchAuction_ERC20Bids.sol
FN:21,constructor
FN:35,bid
FNF:2
FNH:2
FNDA:3,constructor
FNDA:1,bid
DA:23,3
DA:24,3
DA:25,3
DA:26,3
DA:27,3
DA:28,3
DA:29,3
DA:30,3
DA:31,3
DA:32,3
DA:36,1
DA:37,1
DA:38,1
DA:39,1
DA:40,1
DA:41,1
LF:16
LH:16
BRDA:36,1,0,1
BRDA:36,1,1,0
BRDA:37,2,0,1
BRDA:37,2,1,0
BRF:4
BRH:2
end_of_record
